#
# There is insufficient memory for the Java Runtime Environment to continue.
# Native memory allocation (malloc) failed to allocate 1048576 bytes for AllocateHeap
# Possible reasons:
#   The system is out of physical RAM or swap space
#   The process is running with CompressedOops enabled, and the Java Heap may be blocking the growth of the native heap
# Possible solutions:
#   Reduce memory load on the system
#   Increase physical memory or swap space
#   Check if swap backing store is full
#   Decrease Java heap size (-Xmx/-Xms)
#   Decrease number of Java threads
#   Decrease Java thread stack sizes (-Xss)
#   Set larger code cache with -XX:ReservedCodeCacheSize=
#   JVM is running with Zero Based Compressed Oops mode in which the Java heap is
#     placed in the first 32GB address space. The Java Heap base address is the
#     maximum limit for the native heap growth. Please use -XX:HeapBaseMinAddress
#     to set the Java Heap base and to place the Java Heap above 32GB virtual address.
# This output file may be truncated or incomplete.
#
#  Out of Memory Error (memory/allocation.inline.hpp:61), pid=3760, tid=0x000000000000204c
#
# JRE version:  (8.0_202-b08) (build )
# Java VM: Java HotSpot(TM) 64-Bit Server VM (25.202-b08 mixed mode windows-amd64 compressed oops)
# Failed to write core dump. Minidumps are not enabled by default on client versions of Windows
#

---------------  T H R E A D  ---------------

Current thread (0x00000000029a4000):  JavaThread "Unknown thread" [_thread_in_vm, id=8268, stack(0x0000000002600000,0x0000000002700000)]

Stack: [0x0000000002600000,0x0000000002700000]
[error occurred during error reporting (printing stack bounds), id 0xc0000005]

Native frames: (J=compiled Java code, j=interpreted, Vv=VM code, C=native code)


---------------  P R O C E S S  ---------------

Java Threads: ( => current thread )

Other Threads:

=>0x00000000029a4000 (exited) JavaThread "Unknown thread" [_thread_in_vm, id=8268, stack(0x0000000002600000,0x0000000002700000)]

VM state:not at safepoint (normal execution)

VM Mutex/Monitor currently owned by a thread: None

heap address: 0x00000006c2800000, size: 4056 MB, Compressed Oops mode: Zero based, Oop shift amount: 3
Narrow klass base: 0x0000000000000000, Narrow klass shift: 3
Compressed class space size: 1073741824 Address: 0x00000007c0000000

Heap:
 PSYoungGen      total 75776K, used 1300K [0x000000076b800000, 0x0000000770c80000, 0x00000007c0000000)
  eden space 65024K, 2% used [0x000000076b800000,0x000000076b9451f8,0x000000076f780000)
  from space 10752K, 0% used [0x0000000770200000,0x0000000770200000,0x0000000770c80000)
  to   space 10752K, 0% used [0x000000076f780000,0x000000076f780000,0x0000000770200000)
 ParOldGen       total 173568K, used 0K [0x00000006c2800000, 0x00000006cd180000, 0x000000076b800000)
  object space 173568K, 0% used [0x00000006c2800000,0x00000006c2800000,0x00000006cd180000)
 Metaspace       used 775K, capacity 4480K, committed 4480K, reserved 1056768K
  class space    used 76K, capacity 384K, committed 384K, reserved 1048576K

Card table byte_map: [0x0000000011e60000,0x0000000012650000] byte_map_base: 0x000000000e84c000

Marking Bits: (ParMarkBitMap*) 0x0000000077785ce0
 Begin Bits: [0x00000000131a0000, 0x0000000017100000)
 End Bits:   [0x0000000017100000, 0x000000001b060000)

Polling page: 0x0000000000a10000

CodeCache: size=245760Kb used=328Kb max_used=328Kb free=245431Kb
 bounds [0x0000000002aa0000, 0x0000000002d10000, 0x0000000011aa0000]
 total_blobs=58 nmethods=0 adapters=38
 compilation: enabled

Compilation events (0 events):
No events

GC Heap History (0 events):
No events

Deoptimization events (0 events):
No events

Classes redefined (0 events):
No events

Internal exceptions (0 events):
No events

Events (10 events):
Event: 0.074 loading class java/lang/Short
Event: 0.074 loading class java/lang/Short done
Event: 0.074 loading class java/lang/Integer
Event: 0.074 loading class java/lang/Integer done
Event: 0.074 loading class java/lang/Long
Event: 0.074 loading class java/lang/Long done
Event: 0.075 loading class java/lang/NullPointerException
Event: 0.075 loading class java/lang/NullPointerException done
Event: 0.075 loading class java/lang/ArithmeticException
Event: 0.075 loading class java/lang/ArithmeticException done


Dynamic libraries:
0x00007ff738660000 - 0x00007ff738697000 	C:\Program Files\Java\jdk1.8.0_202\bin\java.exe
0x00007fff02a10000 - 0x00007fff02c05000 	C:\Windows\SYSTEM32\ntdll.dll
0x00007fff02770000 - 0x00007fff0282e000 	C:\Windows\System32\KERNEL32.DLL
0x00007fff007a0000 - 0x00007fff00a68000 	C:\Windows\System32\KERNELBASE.dll
0x00007fff00d30000 - 0x00007fff00dde000 	C:\Windows\System32\ADVAPI32.dll
0x00007fff00f10000 - 0x00007fff00fae000 	C:\Windows\System32\msvcrt.dll
0x00007fff01ab0000 - 0x00007fff01b4c000 	C:\Windows\System32\sechost.dll
0x00007fff00c00000 - 0x00007fff00d25000 	C:\Windows\System32\RPCRT4.dll
0x00007fff02830000 - 0x00007fff029d0000 	C:\Windows\System32\USER32.dll
0x00007fff00470000 - 0x00007fff00492000 	C:\Windows\System32\win32u.dll
0x00007fff026e0000 - 0x00007fff0270a000 	C:\Windows\System32\GDI32.dll
0x00007fff00360000 - 0x00007fff0046b000 	C:\Windows\System32\gdi32full.dll
0x00007fff00700000 - 0x00007fff0079d000 	C:\Windows\System32\msvcp_win.dll
0x00007fff00130000 - 0x00007fff00230000 	C:\Windows\System32\ucrtbase.dll
0x00007ffed7550000 - 0x00007ffed77ea000 	C:\Windows\WinSxS\amd64_microsoft.windows.common-controls_6595b64144ccf1df_6.0.19041.1110_none_60b5254171f9507e\COMCTL32.dll
0x00007fff00ed0000 - 0x00007fff00f00000 	C:\Windows\System32\IMM32.DLL
0x0000000077810000 - 0x00000000778e2000 	C:\Program Files\Java\jdk1.8.0_202\jre\bin\msvcr100.dll
0x0000000076f60000 - 0x0000000077805000 	C:\Program Files\Java\jdk1.8.0_202\jre\bin\server\jvm.dll
0x00007fff02300000 - 0x00007fff02308000 	C:\Windows\System32\PSAPI.DLL
0x00007ffef0390000 - 0x00007ffef03b7000 	C:\Windows\SYSTEM32\WINMM.dll
0x00007ffef81e0000 - 0x00007ffef81ea000 	C:\Windows\SYSTEM32\VERSION.dll
0x00007ffefbe50000 - 0x00007ffefbe59000 	C:\Windows\SYSTEM32\WSOCK32.dll
0x00007fff02310000 - 0x00007fff0237b000 	C:\Windows\System32\WS2_32.dll
0x00007ffed4ff0000 - 0x00007ffed4fff000 	C:\Program Files\Java\jdk1.8.0_202\jre\bin\verify.dll
0x00007ffec4f90000 - 0x00007ffec4fb9000 	C:\Program Files\Java\jdk1.8.0_202\jre\bin\java.dll
0x00007ffec1870000 - 0x00007ffec1893000 	C:\Program Files\Java\jdk1.8.0_202\jre\bin\instrument.dll
0x00007ffecce20000 - 0x00007ffecce36000 	C:\Program Files\Java\jdk1.8.0_202\jre\bin\zip.dll

VM Arguments:
jvm_args: -ea -Didea.test.cyclic.buffer.size=1048576 -javaagent:D:\Program Files\JetBrains\IntelliJ IDEA 2021.1\lib\idea_rt.jar=64221:D:\Program Files\JetBrains\IntelliJ IDEA 2021.1\bin -Dfile.encoding=UTF-8 
java_command: com.intellij.rt.junit.JUnitStarter -ideVersion5 com.shen.mybatis.test.MyBatisTest,testMyBatis
java_class_path (initial): D:\Program Files\JetBrains\IntelliJ IDEA 2021.1\lib\idea_rt.jar;D:\Program Files\JetBrains\IntelliJ IDEA 2021.1\plugins\junit\lib\junit5-rt.jar;D:\Program Files\JetBrains\IntelliJ IDEA 2021.1\plugins\junit\lib\junit-rt.jar;C:\Program Files\Java\jdk1.8.0_202\jre\lib\charsets.jar;C:\Program Files\Java\jdk1.8.0_202\jre\lib\deploy.jar;C:\Program Files\Java\jdk1.8.0_202\jre\lib\ext\access-bridge-64.jar;C:\Program Files\Java\jdk1.8.0_202\jre\lib\ext\cldrdata.jar;C:\Program Files\Java\jdk1.8.0_202\jre\lib\ext\dnsns.jar;C:\Program Files\Java\jdk1.8.0_202\jre\lib\ext\jaccess.jar;C:\Program Files\Java\jdk1.8.0_202\jre\lib\ext\jfxrt.jar;C:\Program Files\Java\jdk1.8.0_202\jre\lib\ext\localedata.jar;C:\Program Files\Java\jdk1.8.0_202\jre\lib\ext\nashorn.jar;C:\Program Files\Java\jdk1.8.0_202\jre\lib\ext\sunec.jar;C:\Program Files\Java\jdk1.8.0_202\jre\lib\ext\sunjce_provider.jar;C:\Program Files\Java\jdk1.8.0_202\jre\lib\ext\sunmscapi.jar;C:\Program Files\Java\jdk1.8.0_202\jre\lib\ext\sunpkcs11.jar;C:\Program Files\Java\jdk1.8.0_202\jre\lib\ext\zipfs.jar;C:\Program Files\Java\jdk1.8.0_202\jre\lib\javaws.jar;C:\Program Files\Java\jdk1.8.0_202\jre\lib\jce.jar;C:\Program Files\Java\jdk1.8.0_202\jre\lib\jfr.jar;C:\Program Files\Java\jdk1.8.0_202\jre\lib\jfxswt.jar;C:\Program Files\Java\jdk1.8.0_202\jre\lib\jsse.jar;C:\Program Files\Java\jdk1.8.0_202\jre\lib\management-agent.jar;C:\Program Files\Java\jdk1.8.0_202\jre\lib\plugin.jar;C:\Program Files\Java\jdk1.8.0_202\jre\lib\resources.jar;C:\Program Files\Java\jdk1.8.0_202\jre\lib\rt.jar;E:\javaPrise\springMvc-demo\target\test-classes;E:\javaPrise\springMvc-demo\target\classes;D:\apache-maven-3.6.3\repository\org\springframework\spring-webmvc\5.3.1\spring-webmvc-5.3.1.jar;D:\apache-maven-3.6.3\repository\org\springframework\spring-aop\5.3.1\spring-aop-5.3.1.jar;D:\apache-maven-3.6.3\repository\org\springframework\spring-beans\5.3.1\spring-beans-5.3.1.jar;D:\apache-maven-3.6.3\repository\org\springframework
Launcher Type: SUN_STANDARD

Environment Variables:
JAVA_HOME=C:\Program Files\Java\jdk1.8.0_202
CLASSPATH=?E:\sqljdbc91\sqljdbc_9.4?chs\mssql-jdbc-9.4.0.jre16.jar
PATH=C:\Program Files (x86)\Common Files\Oracle\Java\javapath;C:\Program Files\Common Files\Oracle\Java\javapath;C:\Windows\system32;C:\Windows;C:\Windows\System32\Wbem;C:\Windows\System32\WindowsPowerShell\v1.0\;C:\Windows\System32\OpenSSH\;C:\Program Files\nodejs\;C:\Program Files\Git\cmd;D:\downLoads\mysql-5.7.35-winx64\bin;;C:\Program Files (x86)\NVIDIA Corporation\PhysX\Common;C:\Program Files\Microsoft SQL Server\Client SDK\ODBC\170\Tools\Binn\;C:\Program Files (x86)\Microsoft SQL Server\150\Tools\Binn\;C:\Program Files\Microsoft SQL Server\150\Tools\Binn\;C:\Program Files\Microsoft SQL Server\150\DTS\Binn\;C:\Program Files (x86)\Microsoft SQL Server\150\DTS\Binn\;C:\Program Files\Azure Data Studio\bin;C:\Users\84478\AppData\Local\Microsoft\WindowsApps;D:\data\Microsoft VS Code\bin;C:\Users\84478\AppData\Roaming\npm;C:\Program Files\Azure Data Studio\bin;C:\Program Files\Java\jdk1.8.0_202\bin;
USERNAME=84478
OS=Windows_NT
PROCESSOR_IDENTIFIER=Intel64 Family 6 Model 158 Stepping 10, GenuineIntel



---------------  S Y S T E M  ---------------

OS: Windows 10.0 , 64 bit Build 19041 (10.0.19041.1645)

CPU:total 6 (initial active 6) (6 cores per cpu, 1 threads per core) family 6 model 158 stepping 10, cmov, cx8, fxsr, mmx, sse, sse2, sse3, ssse3, sse4.1, sse4.2, popcnt, avx, avx2, aes, clmul, erms, 3dnowpref, lzcnt, tsc, tscinvbit, bmi1, bmi2, adx

Memory: 4k page, physical 16610356k(4331244k free), swap 29557256k(5500k free)

vm_info: Java HotSpot(TM) 64-Bit Server VM (25.202-b08) for windows-amd64 JRE (1.8.0_202-b08), built on Dec 15 2018 19:54:30 by "java_re" with MS VC++ 10.0 (VS2010)

time: Fri Apr 22 21:51:23 2022
timezone: 中国标准时间
elapsed time: 0 seconds (0d 0h 0m 0s)

